<?xml version="1.0" encoding="UTF-8"?>
<testsuite xmlns:xsi="http://www.w3.org/2001/XMLSchema-instance" xsi:noNamespaceSchemaLocation="https://maven.apache.org/surefire/maven-surefire-plugin/xsd/surefire-test-report-3.0.xsd" version="3.0" name="TodolyApiTest" time="13.697" tests="8" errors="0" skipped="0" failures="1">
  <properties>
    <property name="java.specification.version" value="15"/>
    <property name="sun.cpu.isalist" value="amd64"/>
    <property name="sun.jnu.encoding" value="Cp1252"/>
    <property name="java.class.path" value="C:\Users\admin\Desktop\Workspace\restArchetype\target\test-classes;C:\Users\admin\Desktop\Workspace\restArchetype\target\classes;C:\Users\admin\.m2\repository\org\junit\jupiter\junit-jupiter-engine\5.9.2\junit-jupiter-engine-5.9.2.jar;C:\Users\admin\.m2\repository\org\junit\platform\junit-platform-engine\1.9.2\junit-platform-engine-1.9.2.jar;C:\Users\admin\.m2\repository\org\opentest4j\opentest4j\1.2.0\opentest4j-1.2.0.jar;C:\Users\admin\.m2\repository\org\junit\platform\junit-platform-commons\1.9.2\junit-platform-commons-1.9.2.jar;C:\Users\admin\.m2\repository\org\junit\jupiter\junit-jupiter-api\5.9.2\junit-jupiter-api-5.9.2.jar;C:\Users\admin\.m2\repository\org\apiguardian\apiguardian-api\1.1.2\apiguardian-api-1.1.2.jar;C:\Users\admin\.m2\repository\io\rest-assured\rest-assured\5.3.0\rest-assured-5.3.0.jar;C:\Users\admin\.m2\repository\org\apache\groovy\groovy\4.0.6\groovy-4.0.6.jar;C:\Users\admin\.m2\repository\org\apache\groovy\groovy-xml\4.0.6\groovy-xml-4.0.6.jar;C:\Users\admin\.m2\repository\org\apache\httpcomponents\httpclient\4.5.13\httpclient-4.5.13.jar;C:\Users\admin\.m2\repository\org\apache\httpcomponents\httpcore\4.4.13\httpcore-4.4.13.jar;C:\Users\admin\.m2\repository\commons-logging\commons-logging\1.2\commons-logging-1.2.jar;C:\Users\admin\.m2\repository\commons-codec\commons-codec\1.11\commons-codec-1.11.jar;C:\Users\admin\.m2\repository\org\apache\httpcomponents\httpmime\4.5.13\httpmime-4.5.13.jar;C:\Users\admin\.m2\repository\org\hamcrest\hamcrest\2.1\hamcrest-2.1.jar;C:\Users\admin\.m2\repository\org\ccil\cowan\tagsoup\tagsoup\1.2.1\tagsoup-1.2.1.jar;C:\Users\admin\.m2\repository\io\rest-assured\json-path\5.3.0\json-path-5.3.0.jar;C:\Users\admin\.m2\repository\org\apache\groovy\groovy-json\4.0.6\groovy-json-4.0.6.jar;C:\Users\admin\.m2\repository\io\rest-assured\rest-assured-common\5.3.0\rest-assured-common-5.3.0.jar;C:\Users\admin\.m2\repository\io\rest-assured\xml-path\5.3.0\xml-path-5.3.0.jar;C:\Users\admin\.m2\repository\org\apache\commons\commons-lang3\3.11\commons-lang3-3.11.jar;C:\Users\admin\.m2\repository\com\fasterxml\jackson\core\jackson-databind\2.14.0\jackson-databind-2.14.0.jar;C:\Users\admin\.m2\repository\com\fasterxml\jackson\core\jackson-annotations\2.14.0\jackson-annotations-2.14.0.jar;C:\Users\admin\.m2\repository\com\fasterxml\jackson\core\jackson-core\2.14.0\jackson-core-2.14.0.jar;C:\Users\admin\.m2\repository\com\googlecode\json-simple\json-simple\1.1.1\json-simple-1.1.1.jar;C:\Users\admin\.m2\repository\junit\junit\4.10\junit-4.10.jar;C:\Users\admin\.m2\repository\org\hamcrest\hamcrest-core\1.1\hamcrest-core-1.1.jar;C:\Users\admin\.m2\repository\io\qameta\allure\allure-junit5\2.20.1\allure-junit5-2.20.1.jar;C:\Users\admin\.m2\repository\io\qameta\allure\allure-junit-platform\2.20.1\allure-junit-platform-2.20.1.jar;C:\Users\admin\.m2\repository\io\qameta\allure\allure-java-commons\2.20.1\allure-java-commons-2.20.1.jar;C:\Users\admin\.m2\repository\org\slf4j\slf4j-api\1.7.36\slf4j-api-1.7.36.jar;C:\Users\admin\.m2\repository\io\qameta\allure\allure-model\2.20.1\allure-model-2.20.1.jar;C:\Users\admin\.m2\repository\io\qameta\allure\allure-test-filter\2.20.1\allure-test-filter-2.20.1.jar;C:\Users\admin\.m2\repository\org\junit\platform\junit-platform-launcher\1.8.2\junit-platform-launcher-1.8.2.jar;"/>
    <property name="java.vm.vendor" value="Oracle Corporation"/>
    <property name="sun.arch.data.model" value="64"/>
    <property name="user.variant" value=""/>
    <property name="java.vendor.url" value="https://java.oracle.com/"/>
    <property name="user.timezone" value="America/Buenos_Aires"/>
    <property name="user.country.format" value="001"/>
    <property name="os.name" value="Windows 10"/>
    <property name="java.vm.specification.version" value="15"/>
    <property name="sun.java.launcher" value="SUN_STANDARD"/>
    <property name="user.country" value="US"/>
    <property name="sun.boot.library.path" value="C:\Program Files\Java\jdk-15.0.1\bin"/>
    <property name="sun.java.command" value="C:\Users\admin\AppData\Local\Temp\surefire1818100710568733875\surefirebooter531664426883090128.jar C:\Users\admin\AppData\Local\Temp\surefire1818100710568733875 2023-01-31T15-59-16_986-jvmRun1 surefire11616784946409601122tmp surefire_012000644801339124818tmp"/>
    <property name="jdk.debug" value="release"/>
    <property name="surefire.test.class.path" value="C:\Users\admin\Desktop\Workspace\restArchetype\target\test-classes;C:\Users\admin\Desktop\Workspace\restArchetype\target\classes;C:\Users\admin\.m2\repository\org\junit\jupiter\junit-jupiter-engine\5.9.2\junit-jupiter-engine-5.9.2.jar;C:\Users\admin\.m2\repository\org\junit\platform\junit-platform-engine\1.9.2\junit-platform-engine-1.9.2.jar;C:\Users\admin\.m2\repository\org\opentest4j\opentest4j\1.2.0\opentest4j-1.2.0.jar;C:\Users\admin\.m2\repository\org\junit\platform\junit-platform-commons\1.9.2\junit-platform-commons-1.9.2.jar;C:\Users\admin\.m2\repository\org\junit\jupiter\junit-jupiter-api\5.9.2\junit-jupiter-api-5.9.2.jar;C:\Users\admin\.m2\repository\org\apiguardian\apiguardian-api\1.1.2\apiguardian-api-1.1.2.jar;C:\Users\admin\.m2\repository\io\rest-assured\rest-assured\5.3.0\rest-assured-5.3.0.jar;C:\Users\admin\.m2\repository\org\apache\groovy\groovy\4.0.6\groovy-4.0.6.jar;C:\Users\admin\.m2\repository\org\apache\groovy\groovy-xml\4.0.6\groovy-xml-4.0.6.jar;C:\Users\admin\.m2\repository\org\apache\httpcomponents\httpclient\4.5.13\httpclient-4.5.13.jar;C:\Users\admin\.m2\repository\org\apache\httpcomponents\httpcore\4.4.13\httpcore-4.4.13.jar;C:\Users\admin\.m2\repository\commons-logging\commons-logging\1.2\commons-logging-1.2.jar;C:\Users\admin\.m2\repository\commons-codec\commons-codec\1.11\commons-codec-1.11.jar;C:\Users\admin\.m2\repository\org\apache\httpcomponents\httpmime\4.5.13\httpmime-4.5.13.jar;C:\Users\admin\.m2\repository\org\hamcrest\hamcrest\2.1\hamcrest-2.1.jar;C:\Users\admin\.m2\repository\org\ccil\cowan\tagsoup\tagsoup\1.2.1\tagsoup-1.2.1.jar;C:\Users\admin\.m2\repository\io\rest-assured\json-path\5.3.0\json-path-5.3.0.jar;C:\Users\admin\.m2\repository\org\apache\groovy\groovy-json\4.0.6\groovy-json-4.0.6.jar;C:\Users\admin\.m2\repository\io\rest-assured\rest-assured-common\5.3.0\rest-assured-common-5.3.0.jar;C:\Users\admin\.m2\repository\io\rest-assured\xml-path\5.3.0\xml-path-5.3.0.jar;C:\Users\admin\.m2\repository\org\apache\commons\commons-lang3\3.11\commons-lang3-3.11.jar;C:\Users\admin\.m2\repository\com\fasterxml\jackson\core\jackson-databind\2.14.0\jackson-databind-2.14.0.jar;C:\Users\admin\.m2\repository\com\fasterxml\jackson\core\jackson-annotations\2.14.0\jackson-annotations-2.14.0.jar;C:\Users\admin\.m2\repository\com\fasterxml\jackson\core\jackson-core\2.14.0\jackson-core-2.14.0.jar;C:\Users\admin\.m2\repository\com\googlecode\json-simple\json-simple\1.1.1\json-simple-1.1.1.jar;C:\Users\admin\.m2\repository\junit\junit\4.10\junit-4.10.jar;C:\Users\admin\.m2\repository\org\hamcrest\hamcrest-core\1.1\hamcrest-core-1.1.jar;C:\Users\admin\.m2\repository\io\qameta\allure\allure-junit5\2.20.1\allure-junit5-2.20.1.jar;C:\Users\admin\.m2\repository\io\qameta\allure\allure-junit-platform\2.20.1\allure-junit-platform-2.20.1.jar;C:\Users\admin\.m2\repository\io\qameta\allure\allure-java-commons\2.20.1\allure-java-commons-2.20.1.jar;C:\Users\admin\.m2\repository\org\slf4j\slf4j-api\1.7.36\slf4j-api-1.7.36.jar;C:\Users\admin\.m2\repository\io\qameta\allure\allure-model\2.20.1\allure-model-2.20.1.jar;C:\Users\admin\.m2\repository\io\qameta\allure\allure-test-filter\2.20.1\allure-test-filter-2.20.1.jar;C:\Users\admin\.m2\repository\org\junit\platform\junit-platform-launcher\1.8.2\junit-platform-launcher-1.8.2.jar;"/>
    <property name="sun.cpu.endian" value="little"/>
    <property name="user.home" value="C:\Users\admin"/>
    <property name="user.language" value="en"/>
    <property name="java.specification.vendor" value="Oracle Corporation"/>
    <property name="java.version.date" value="2020-10-20"/>
    <property name="java.home" value="C:\Program Files\Java\jdk-15.0.1"/>
    <property name="file.separator" value="\"/>
    <property name="basedir" value="C:\Users\admin\Desktop\Workspace\restArchetype"/>
    <property name="java.vm.compressedOopsMode" value="Zero based"/>
    <property name="line.separator" value="&#10;"/>
    <property name="java.vm.specification.vendor" value="Oracle Corporation"/>
    <property name="java.specification.name" value="Java Platform API Specification"/>
    <property name="surefire.real.class.path" value="C:\Users\admin\AppData\Local\Temp\surefire1818100710568733875\surefirebooter531664426883090128.jar"/>
    <property name="user.script" value=""/>
    <property name="sun.management.compiler" value="HotSpot 64-Bit Tiered Compilers"/>
    <property name="java.runtime.version" value="15.0.1+9-18"/>
    <property name="user.name" value="admin"/>
    <property name="path.separator" value=";"/>
    <property name="os.version" value="10.0"/>
    <property name="java.runtime.name" value="Java(TM) SE Runtime Environment"/>
    <property name="file.encoding" value="Cp1252"/>
    <property name="java.vm.name" value="Java HotSpot(TM) 64-Bit Server VM"/>
    <property name="localRepository" value="C:\Users\admin\.m2\repository"/>
    <property name="java.vendor.url.bug" value="https://bugreport.java.com/bugreport/"/>
    <property name="java.io.tmpdir" value="C:\Users\admin\AppData\Local\Temp\"/>
    <property name="java.version" value="15.0.1"/>
    <property name="user.dir" value="C:\Users\admin\Desktop\Workspace\restArchetype"/>
    <property name="os.arch" value="amd64"/>
    <property name="java.vm.specification.name" value="Java Virtual Machine Specification"/>
    <property name="sun.os.patch.level" value=""/>
    <property name="java.library.path" value="C:\Program Files\Java\jdk-15.0.1\bin;C:\Windows\Sun\Java\bin;C:\Windows\system32;C:\Windows;C:\Program Files\Git\mingw64\bin;C:\Program Files\Git\usr\bin;C:\Users\admin\bin;C:\Python311\Scripts;C:\Python311;C:\Program Files\Common Files\Oracle\Java\javapath;C:\Windows\system32;C:\Windows;C:\Windows\System32\Wbem;C:\Windows\System32\WindowsPowerShell\v1.0;C:\Windows\System32\OpenSSH;C:\Program Files\dotnet;C:\ProgramData\chocolatey\bin;C:\opt\apache-maven-3.6.3\bin;C:\Program Files\Git\cmd;C:\Program Files\nodejs;C:\Program Files\Docker\Docker\resources\bin;C:\Users\admin\scoop\shims;C:\Users\admin\AppData\Local\Microsoft\WindowsApps;C:\Users\admin\.dotnet\tools;C:\Program Files\JetBrains\PyCharm Community Edition 2022.3\bin;C:\Users\admin\AppData\Roaming\npm;C:\Users\admin\AppData\Local\Programs\Microsoft VS Code\bin;C:\Gradle\gradle-7.6\bin;."/>
    <property name="java.vm.info" value="mixed mode, sharing"/>
    <property name="java.vendor" value="Oracle Corporation"/>
    <property name="java.vm.version" value="15.0.1+9-18"/>
    <property name="sun.io.unicode.encoding" value="UnicodeLittle"/>
    <property name="java.class.version" value="59.0"/>
  </properties>
  <testcase name="createUser" classname="TodolyApiTest" time="4.178">
    <system-out><![CDATA[===== POST =====
HTTP/1.1 200 OK
Cache-Control: no-cache, no-store, must-revalidate
Pragma: no-cache
Content-Type: application/json; charset=utf-8
Expires: -1
Server: Microsoft-IIS/8.0
Set-Cookie: ASP.NET_SessionId=4tscfyjrb4tka1sa1j0purlj; path=/; HttpOnly; SameSite=Lax
X-AspNetMvc-Version: 2.0
X-AspNet-Version: 4.0.30319
X-Powered-By: ASP.NET
Date: Tue, 31 Jan 2023 18:59:05 GMT
Content-Length: 290

{
    "Id": 718180,
    "Email": "C8Dm3@gmail.com",
    "Password": null,
    "FullName": "Enzo Lakes",
    "TimeZone": 0,
    "IsProUser": false,
    "DefaultProjectId": 4068383,
    "AddItemMoreExpanded": false,
    "EditDueDateMoreExpanded": false,
    "ListSortType": 0,
    "FirstDayOfWeek": 0,
    "NewTaskDueDate": -1,
    "TimeZoneId": "Pacific Standard Time"
}
=================

]]></system-out>
  </testcase>
  <testcase name="getUser" classname="TodolyApiTest" time="1.397">
    <system-out><![CDATA[===== GET =====
HTTP/1.1 200 OK
Cache-Control: no-cache, no-store, must-revalidate
Pragma: no-cache
Content-Type: application/json; charset=utf-8
Expires: -1
Server: Microsoft-IIS/8.0
Set-Cookie: ASP.NET_SessionId=5ne3efpxkyprfowb2x3hysyw; path=/; HttpOnly; SameSite=Lax
X-AspNetMvc-Version: 2.0
X-AspNet-Version: 4.0.30319
X-Powered-By: ASP.NET
Date: Tue, 31 Jan 2023 18:59:08 GMT
Content-Length: 290

{
    "Id": 718180,
    "Email": "C8Dm3@gmail.com",
    "Password": null,
    "FullName": "Enzo Lakes",
    "TimeZone": 0,
    "IsProUser": false,
    "DefaultProjectId": 4068383,
    "AddItemMoreExpanded": false,
    "EditDueDateMoreExpanded": false,
    "ListSortType": 0,
    "FirstDayOfWeek": 0,
    "NewTaskDueDate": -1,
    "TimeZoneId": "Pacific Standard Time"
}
=================

]]></system-out>
  </testcase>
  <testcase name="getUserFail" classname="TodolyApiTest" time="1.316">
    <failure type="java.lang.AssertionError"><![CDATA[java.lang.AssertionError: 
1 expectation failed.
JSON path $ doesn't match.
Expected: not map containing ["ErrorCode"->ANYTHING]
  Actual: <{ErrorMessage=Not Authenticated, ErrorCode=102}>

	at TodolyApiTest.getUserFail(TodolyApiTest.java:88)
]]></failure>
    <system-out><![CDATA[===== GET =====
]]></system-out>
  </testcase>
  <testcase name="createProject" classname="TodolyApiTest" time="1.31">
    <system-out><![CDATA[===== POST =====
HTTP/1.1 200 OK
Cache-Control: no-cache, no-store, must-revalidate
Pragma: no-cache
Content-Type: application/json; charset=utf-8
Expires: -1
Server: Microsoft-IIS/8.0
Set-Cookie: ASP.NET_SessionId=55xxknac5yi1b2jxzrepdemx; path=/; HttpOnly; SameSite=Lax
X-AspNetMvc-Version: 2.0
X-AspNet-Version: 4.0.30319
X-Powered-By: ASP.NET
Date: Tue, 31 Jan 2023 18:59:11 GMT
Content-Length: 395

{
    "Id": 4068389,
    "Content": "TestC0D",
    "ItemsCount": 0,
    "Icon": 0,
    "ItemType": 2,
    "ParentId": null,
    "Collapsed": false,
    "ItemOrder": 6,
    "Children": [
        
    ],
    "IsProjectShared": false,
    "ProjectShareOwnerName": null,
    "ProjectShareOwnerEmail": null,
    "IsShareApproved": false,
    "IsOwnProject": true,
    "LastSyncedDateTime": "/Date(1675191551106)/",
    "LastUpdatedDate": "/Date(1675191551090)/",
    "Deleted": false,
    "SyncClientCreationId": null
}
]]></system-out>
  </testcase>
  <testcase name="getProjectById" classname="TodolyApiTest" time="1.297">
    <system-out><![CDATA[===== GET =====
HTTP/1.1 200 OK
Cache-Control: no-cache, no-store, must-revalidate
Pragma: no-cache
Content-Type: application/json; charset=utf-8
Expires: -1
Server: Microsoft-IIS/8.0
Set-Cookie: ASP.NET_SessionId=wlxhtqzjbbulawyyxtdrj5z0; path=/; HttpOnly; SameSite=Lax
X-AspNetMvc-Version: 2.0
X-AspNet-Version: 4.0.30319
X-Powered-By: ASP.NET
Date: Tue, 31 Jan 2023 18:59:12 GMT
Content-Length: 395

{
    "Id": 4068389,
    "Content": "TestC0D",
    "ItemsCount": 0,
    "Icon": 0,
    "ItemType": 2,
    "ParentId": null,
    "Collapsed": false,
    "ItemOrder": 6,
    "Children": [
        
    ],
    "IsProjectShared": false,
    "ProjectShareOwnerName": null,
    "ProjectShareOwnerEmail": null,
    "IsShareApproved": false,
    "IsOwnProject": true,
    "LastSyncedDateTime": "/Date(1675191552401)/",
    "LastUpdatedDate": "/Date(1675191551090)/",
    "Deleted": false,
    "SyncClientCreationId": null
}
]]></system-out>
  </testcase>
  <testcase name="createIteminAProject" classname="TodolyApiTest" time="1.395">
    <system-out><![CDATA[===== POST =====
HTTP/1.1 200 OK
Cache-Control: no-cache, no-store, must-revalidate
Pragma: no-cache
Content-Type: application/json; charset=utf-8
Expires: -1
Server: Microsoft-IIS/8.0
Set-Cookie: ASP.NET_SessionId=3jvwuxgfbebhh43unevg4lba; path=/; HttpOnly; SameSite=Lax
X-AspNetMvc-Version: 2.0
X-AspNet-Version: 4.0.30319
X-Powered-By: ASP.NET
Date: Tue, 31 Jan 2023 18:59:13 GMT
Content-Length: 527

{
    "Id": 11115039,
    "Content": "Itemdf",
    "ItemType": 1,
    "Checked": false,
    "ProjectId": 4068389,
    "ParentId": null,
    "Path": "",
    "Collapsed": false,
    "DateString": null,
    "DateStringPriority": 0,
    "DueDate": "",
    "Recurrence": null,
    "ItemOrder": 1,
    "Priority": 4,
    "LastSyncedDateTime": "/Date(1675191553742)/",
    "Children": [
        
    ],
    "DueDateTime": null,
    "CreatedDate": "/Date(1675191553727)/",
    "LastCheckedDate": null,
    "LastUpdatedDate": "/Date(1675191553727)/",
    "Deleted": false,
    "Notes": "",
    "InHistory": false,
    "SyncClientCreationId": null,
    "DueTimeSpecified": true,
    "OwnerId": 718180
}
]]></system-out>
  </testcase>
  <testcase name="updateItemById" classname="TodolyApiTest" time="1.356">
    <system-out><![CDATA[===== PUT =====
HTTP/1.1 200 OK
Cache-Control: no-cache, no-store, must-revalidate
Pragma: no-cache
Content-Type: application/json; charset=utf-8
Expires: -1
Server: Microsoft-IIS/8.0
Set-Cookie: ASP.NET_SessionId=5ab1ia1khugef4hx0p40hcnh; path=/; HttpOnly; SameSite=Lax
X-AspNetMvc-Version: 2.0
X-AspNet-Version: 4.0.30319
X-Powered-By: ASP.NET
Date: Tue, 31 Jan 2023 18:59:15 GMT
Content-Length: 535

{
    "Id": 11115039,
    "Content": "contentChanged",
    "ItemType": 1,
    "Checked": false,
    "ProjectId": 4068389,
    "ParentId": null,
    "Path": "",
    "Collapsed": false,
    "DateString": null,
    "DateStringPriority": 0,
    "DueDate": "",
    "Recurrence": null,
    "ItemOrder": 1,
    "Priority": 3,
    "LastSyncedDateTime": "/Date(1675191555131)/",
    "Children": [
        
    ],
    "DueDateTime": null,
    "CreatedDate": "/Date(1675191553727)/",
    "LastCheckedDate": null,
    "LastUpdatedDate": "/Date(1675191555117)/",
    "Deleted": false,
    "Notes": "",
    "InHistory": false,
    "SyncClientCreationId": null,
    "DueTimeSpecified": true,
    "OwnerId": 718180
}
]]></system-out>
  </testcase>
  <testcase name="deleteItemByid" classname="TodolyApiTest" time="1.347">
    <system-out><![CDATA[===== DELETE =====
HTTP/1.1 200 OK
Cache-Control: no-cache, no-store, must-revalidate
Pragma: no-cache
Content-Type: application/json; charset=utf-8
Expires: -1
Server: Microsoft-IIS/8.0
Set-Cookie: ASP.NET_SessionId=saf2s4z5ubs0bq1uql254ldq; path=/; HttpOnly; SameSite=Lax
X-AspNetMvc-Version: 2.0
X-AspNet-Version: 4.0.30319
X-Powered-By: ASP.NET
Date: Tue, 31 Jan 2023 18:59:16 GMT
Content-Length: 534

{
    "Id": 11115039,
    "Content": "contentChanged",
    "ItemType": 1,
    "Checked": false,
    "ProjectId": 4068389,
    "ParentId": null,
    "Path": "",
    "Collapsed": false,
    "DateString": null,
    "DateStringPriority": 0,
    "DueDate": "",
    "Recurrence": null,
    "ItemOrder": 1,
    "Priority": 3,
    "LastSyncedDateTime": "/Date(1675191556488)/",
    "Children": [
        
    ],
    "DueDateTime": null,
    "CreatedDate": "/Date(1675191553727)/",
    "LastCheckedDate": null,
    "LastUpdatedDate": "/Date(1675191556490)/",
    "Deleted": true,
    "Notes": "",
    "InHistory": false,
    "SyncClientCreationId": null,
    "DueTimeSpecified": true,
    "OwnerId": 718180
}
]]></system-out>
  </testcase>
</testsuite>